<?xml version="1.0" encoding="UTF-8"?>
<!-- Generated by org.testng.reporters.JUnitXMLReporter -->
<testsuite ignored="0" hostname="DESKTOP-2J5UPO1" failures="0" tests="3" name="Test" time="80.694" errors="0" timestamp="2021-06-09T23:41:22 IST">
  <testcase classname="PradeepAutomaion.EndToEnd.HomePage" name="openBrowser" time="16.543"/>
  <testcase classname="PradeepAutomaion.EndToEnd.HomePage" name="openBrowser" time="17.087"/>
  <testcase classname="PradeepAutomaion.EndToEnd.HomePage" name="textCheck" time="13.255"/>
</testsuite> <!-- Test -->
