<?xml version="1.0" encoding="UTF-8"?>
<testng-results ignored="0" total="6" passed="5" failed="1" skipped="0">
  <reporter-output>
  </reporter-output>
  <suite started-at="2021-06-25T19:02:15 IST" name="Suite" finished-at="2021-06-25T19:05:38 IST" duration-ms="203296">
    <groups>
    </groups>
    <test started-at="2021-06-25T19:02:15 IST" name="Validating User login" finished-at="2021-06-25T19:05:09 IST" duration-ms="174245">
      <class name="PradeepAutomaion.EndToEnd.HomePage">
        <test-method is-config="true" signature="intilizedriver()[pri:0, instance:PradeepAutomaion.EndToEnd.HomePage@4263b080]" started-at="2021-06-25T19:02:21 IST" name="intilizedriver" finished-at="2021-06-25T19:03:00 IST" duration-ms="38885" status="PASS">
          <reporter-output>
          </reporter-output>
        </test-method> <!-- intilizedriver -->
        <test-method signature="dataBaseTesting(java.lang.String,java.lang.String)[pri:0, instance:PradeepAutomaion.EndToEnd.HomePage@4263b080]" started-at="2021-06-25T19:03:00 IST" name="dataBaseTesting" data-provider="getData1" finished-at="2021-06-25T19:03:10 IST" duration-ms="10739" status="FAIL">
          <params>
            <param index="0">
              <value>
                <![CDATA[Rupert]]>
              </value>
            </param>
            <param index="1">
              <value>
                <![CDATA[Choudhary]]>
              </value>
            </param>
          </params>
          <exception class="org.openqa.selenium.NoSuchElementException">
            <message>
              <![CDATA[no such element: Unable to locate element: {"method":"xpath","selector":"//button[text()='NO THANKS']"}
  (Session info: chrome=91.0.4472.114)
For documentation on this error, please visit: https://www.seleniumhq.org/exceptions/no_such_element.html
Build info: version: '3.141.59', revision: 'e82be7d358', time: '2018-11-14T08:17:03'
System info: host: 'DESKTOP-2J5UPO1', ip: '192.168.252.10', os.name: 'Windows 10', os.arch: 'amd64', os.version: '10.0', java.version: '11.0.10'
Driver info: org.openqa.selenium.chrome.ChromeDriver
Capabilities {acceptInsecureCerts: false, browserName: chrome, browserVersion: 91.0.4472.114, chrome: {chromedriverVersion: 91.0.4472.19 (1bf021f248676..., userDataDir: C:\Users\Pradeep\AppData\Lo...}, goog:chromeOptions: {debuggerAddress: localhost:52412}, javascriptEnabled: true, networkConnectionEnabled: false, pageLoadStrategy: normal, platform: WINDOWS, platformName: WINDOWS, proxy: Proxy(), setWindowRect: true, strictFileInteractability: false, timeouts: {implicit: 0, pageLoad: 300000, script: 30000}, unhandledPromptBehavior: dismiss and notify, webauthn:extension:largeBlob: true, webauthn:virtualAuthenticators: true}
Session ID: 1fd4365faea58cfc788c5017726fcd4d
*** Element info: {Using=xpath, value=//button[text()='NO THANKS']}]]>
            </message>
            <full-stacktrace>
              <![CDATA[org.openqa.selenium.NoSuchElementException: no such element: Unable to locate element: {"method":"xpath","selector":"//button[text()='NO THANKS']"}
  (Session info: chrome=91.0.4472.114)
For documentation on this error, please visit: https://www.seleniumhq.org/exceptions/no_such_element.html
Build info: version: '3.141.59', revision: 'e82be7d358', time: '2018-11-14T08:17:03'
System info: host: 'DESKTOP-2J5UPO1', ip: '192.168.252.10', os.name: 'Windows 10', os.arch: 'amd64', os.version: '10.0', java.version: '11.0.10'
Driver info: org.openqa.selenium.chrome.ChromeDriver
Capabilities {acceptInsecureCerts: false, browserName: chrome, browserVersion: 91.0.4472.114, chrome: {chromedriverVersion: 91.0.4472.19 (1bf021f248676..., userDataDir: C:\Users\Pradeep\AppData\Lo...}, goog:chromeOptions: {debuggerAddress: localhost:52412}, javascriptEnabled: true, networkConnectionEnabled: false, pageLoadStrategy: normal, platform: WINDOWS, platformName: WINDOWS, proxy: Proxy(), setWindowRect: true, strictFileInteractability: false, timeouts: {implicit: 0, pageLoad: 300000, script: 30000}, unhandledPromptBehavior: dismiss and notify, webauthn:extension:largeBlob: true, webauthn:virtualAuthenticators: true}
Session ID: 1fd4365faea58cfc788c5017726fcd4d
*** Element info: {Using=xpath, value=//button[text()='NO THANKS']}
at java.base/jdk.internal.reflect.NativeConstructorAccessorImpl.newInstance0(Native Method)
at java.base/jdk.internal.reflect.NativeConstructorAccessorImpl.newInstance(NativeConstructorAccessorImpl.java:62)
at java.base/jdk.internal.reflect.DelegatingConstructorAccessorImpl.newInstance(DelegatingConstructorAccessorImpl.java:45)
at java.base/java.lang.reflect.Constructor.newInstance(Constructor.java:490)
at org.openqa.selenium.remote.http.W3CHttpResponseCodec.createException(W3CHttpResponseCodec.java:187)
at org.openqa.selenium.remote.http.W3CHttpResponseCodec.decode(W3CHttpResponseCodec.java:122)
at org.openqa.selenium.remote.http.W3CHttpResponseCodec.decode(W3CHttpResponseCodec.java:49)
at org.openqa.selenium.remote.HttpCommandExecutor.execute(HttpCommandExecutor.java:158)
at org.openqa.selenium.remote.service.DriverCommandExecutor.execute(DriverCommandExecutor.java:83)
at org.openqa.selenium.remote.RemoteWebDriver.execute(RemoteWebDriver.java:552)
at org.openqa.selenium.remote.RemoteWebDriver.findElement(RemoteWebDriver.java:323)
at org.openqa.selenium.remote.RemoteWebDriver.findElementByXPath(RemoteWebDriver.java:428)
at org.openqa.selenium.By$ByXPath.findElement(By.java:353)
at org.openqa.selenium.remote.RemoteWebDriver.findElement(RemoteWebDriver.java:315)
at org.openqa.selenium.support.pagefactory.DefaultElementLocator.findElement(DefaultElementLocator.java:69)
at org.openqa.selenium.support.pagefactory.internal.LocatingElementHandler.invoke(LocatingElementHandler.java:38)
at com.sun.proxy.$Proxy26.click(Unknown Source)
at com.qa.diffrentpages.QaAccademyHomePage.handlingHomePagePopup(QaAccademyHomePage.java:29)
at PradeepAutomaion.EndToEnd.HomePage.dataBaseTesting(HomePage.java:107)
at java.base/jdk.internal.reflect.NativeMethodAccessorImpl.invoke0(Native Method)
at java.base/jdk.internal.reflect.NativeMethodAccessorImpl.invoke(NativeMethodAccessorImpl.java:62)
at java.base/jdk.internal.reflect.DelegatingMethodAccessorImpl.invoke(DelegatingMethodAccessorImpl.java:43)
at java.base/java.lang.reflect.Method.invoke(Method.java:566)
at org.testng.internal.MethodInvocationHelper.invokeMethod(MethodInvocationHelper.java:133)
at org.testng.internal.TestInvoker.invokeMethod(TestInvoker.java:598)
at org.testng.internal.TestInvoker.invokeTestMethod(TestInvoker.java:173)
at org.testng.internal.MethodRunner.runInSequence(MethodRunner.java:46)
at org.testng.internal.TestInvoker$MethodInvocationAgent.invoke(TestInvoker.java:824)
at org.testng.internal.TestInvoker.invokeTestMethods(TestInvoker.java:146)
at org.testng.internal.TestMethodWorker.invokeTestMethods(TestMethodWorker.java:146)
at org.testng.internal.TestMethodWorker.run(TestMethodWorker.java:128)
at java.base/java.util.ArrayList.forEach(ArrayList.java:1541)
at org.testng.TestRunner.privateRun(TestRunner.java:794)
at org.testng.TestRunner.run(TestRunner.java:596)
at org.testng.SuiteRunner.runTest(SuiteRunner.java:377)
at org.testng.SuiteRunner.runSequentially(SuiteRunner.java:371)
at org.testng.SuiteRunner.privateRun(SuiteRunner.java:332)
at org.testng.SuiteRunner.run(SuiteRunner.java:276)
at org.testng.SuiteRunnerWorker.runSuite(SuiteRunnerWorker.java:53)
at org.testng.SuiteRunnerWorker.run(SuiteRunnerWorker.java:96)
at org.testng.TestNG.runSuitesSequentially(TestNG.java:1212)
at org.testng.TestNG.runSuitesLocally(TestNG.java:1134)
at org.testng.TestNG.runSuites(TestNG.java:1063)
at org.testng.TestNG.run(TestNG.java:1031)
at org.apache.maven.surefire.testng.TestNGExecutor.run(TestNGExecutor.java:284)
at org.apache.maven.surefire.testng.TestNGXmlTestSuite.execute(TestNGXmlTestSuite.java:75)
at org.apache.maven.surefire.testng.TestNGProvider.invoke(TestNGProvider.java:119)
at org.apache.maven.surefire.booter.ForkedBooter.runSuitesInProcess(ForkedBooter.java:428)
at org.apache.maven.surefire.booter.ForkedBooter.execute(ForkedBooter.java:162)
at org.apache.maven.surefire.booter.ForkedBooter.run(ForkedBooter.java:562)
at org.apache.maven.surefire.booter.ForkedBooter.main(ForkedBooter.java:548)
]]>
            </full-stacktrace>
          </exception> <!-- org.openqa.selenium.NoSuchElementException -->
          <reporter-output>
          </reporter-output>
        </test-method> <!-- dataBaseTesting -->
        <test-method is-config="true" signature="afterMehode()[pri:0, instance:PradeepAutomaion.EndToEnd.HomePage@4263b080]" started-at="2021-06-25T19:03:12 IST" name="afterMehode" finished-at="2021-06-25T19:03:13 IST" duration-ms="1153" status="PASS">
          <reporter-output>
          </reporter-output>
        </test-method> <!-- afterMehode -->
        <test-method is-config="true" signature="intilizedriver()[pri:0, instance:PradeepAutomaion.EndToEnd.HomePage@4263b080]" started-at="2021-06-25T19:03:13 IST" name="intilizedriver" finished-at="2021-06-25T19:03:31 IST" duration-ms="17750" status="PASS">
          <reporter-output>
          </reporter-output>
        </test-method> <!-- intilizedriver -->
        <test-method signature="dataBaseTesting(java.lang.String,java.lang.String)[pri:0, instance:PradeepAutomaion.EndToEnd.HomePage@4263b080]" started-at="2021-06-25T19:03:31 IST" name="dataBaseTesting" data-provider="getData1" finished-at="2021-06-25T19:03:42 IST" duration-ms="10862" status="PASS">
          <params>
            <param index="0">
              <value>
                <![CDATA[Rupert]]>
              </value>
            </param>
            <param index="1">
              <value>
                <![CDATA[Bajaj]]>
              </value>
            </param>
          </params>
          <reporter-output>
          </reporter-output>
        </test-method> <!-- dataBaseTesting -->
        <test-method is-config="true" signature="afterMehode()[pri:0, instance:PradeepAutomaion.EndToEnd.HomePage@4263b080]" started-at="2021-06-25T19:03:42 IST" name="afterMehode" finished-at="2021-06-25T19:03:42 IST" duration-ms="0" status="PASS">
          <reporter-output>
          </reporter-output>
        </test-method> <!-- afterMehode -->
        <test-method is-config="true" signature="intilizedriver()[pri:0, instance:PradeepAutomaion.EndToEnd.HomePage@4263b080]" started-at="2021-06-25T19:03:42 IST" name="intilizedriver" finished-at="2021-06-25T19:04:01 IST" duration-ms="19507" status="PASS">
          <reporter-output>
          </reporter-output>
        </test-method> <!-- intilizedriver -->
        <test-method signature="dataBaseTesting(java.lang.String,java.lang.String)[pri:0, instance:PradeepAutomaion.EndToEnd.HomePage@4263b080]" started-at="2021-06-25T19:04:01 IST" name="dataBaseTesting" data-provider="getData1" finished-at="2021-06-25T19:04:14 IST" duration-ms="12499" status="PASS">
          <params>
            <param index="0">
              <value>
                <![CDATA[Rupert]]>
              </value>
            </param>
            <param index="1">
              <value>
                <![CDATA[Pradeep]]>
              </value>
            </param>
          </params>
          <reporter-output>
          </reporter-output>
        </test-method> <!-- dataBaseTesting -->
        <test-method is-config="true" signature="afterMehode()[pri:0, instance:PradeepAutomaion.EndToEnd.HomePage@4263b080]" started-at="2021-06-25T19:04:14 IST" name="afterMehode" finished-at="2021-06-25T19:04:14 IST" duration-ms="1" status="PASS">
          <reporter-output>
          </reporter-output>
        </test-method> <!-- afterMehode -->
        <test-method is-config="true" signature="intilizedriver()[pri:0, instance:PradeepAutomaion.EndToEnd.HomePage@4263b080]" started-at="2021-06-25T19:04:14 IST" name="intilizedriver" finished-at="2021-06-25T19:04:25 IST" duration-ms="11857" status="PASS">
          <reporter-output>
          </reporter-output>
        </test-method> <!-- intilizedriver -->
        <test-method signature="openBrowser(java.lang.String,java.lang.String)[pri:0, instance:PradeepAutomaion.EndToEnd.HomePage@4263b080]" started-at="2021-06-25T19:04:25 IST" name="openBrowser" data-provider="getData" finished-at="2021-06-25T19:04:43 IST" duration-ms="17799" status="PASS">
          <params>
            <param index="0">
              <value>
                <![CDATA[pradeep]]>
              </value>
            </param>
            <param index="1">
              <value>
                <![CDATA[pradeep123]]>
              </value>
            </param>
          </params>
          <reporter-output>
          </reporter-output>
        </test-method> <!-- openBrowser -->
        <test-method is-config="true" signature="afterMehode()[pri:0, instance:PradeepAutomaion.EndToEnd.HomePage@4263b080]" started-at="2021-06-25T19:04:43 IST" name="afterMehode" finished-at="2021-06-25T19:04:43 IST" duration-ms="1" status="PASS">
          <reporter-output>
          </reporter-output>
        </test-method> <!-- afterMehode -->
        <test-method is-config="true" signature="intilizedriver()[pri:0, instance:PradeepAutomaion.EndToEnd.HomePage@4263b080]" started-at="2021-06-25T19:04:43 IST" name="intilizedriver" finished-at="2021-06-25T19:04:56 IST" duration-ms="13217" status="PASS">
          <reporter-output>
          </reporter-output>
        </test-method> <!-- intilizedriver -->
        <test-method signature="openBrowser(java.lang.String,java.lang.String)[pri:0, instance:PradeepAutomaion.EndToEnd.HomePage@4263b080]" started-at="2021-06-25T19:04:56 IST" name="openBrowser" data-provider="getData" finished-at="2021-06-25T19:05:09 IST" duration-ms="12563" status="PASS">
          <params>
            <param index="0">
              <value>
                <![CDATA[rupert]]>
              </value>
            </param>
            <param index="1">
              <value>
                <![CDATA[rupert123]]>
              </value>
            </param>
          </params>
          <reporter-output>
          </reporter-output>
        </test-method> <!-- openBrowser -->
        <test-method is-config="true" signature="afterMehode()[pri:0, instance:PradeepAutomaion.EndToEnd.HomePage@4263b080]" started-at="2021-06-25T19:05:09 IST" name="afterMehode" finished-at="2021-06-25T19:05:09 IST" duration-ms="0" status="PASS">
          <reporter-output>
          </reporter-output>
        </test-method> <!-- afterMehode -->
      </class> <!-- PradeepAutomaion.EndToEnd.HomePage -->
    </test> <!-- Validating User login -->
    <test started-at="2021-06-25T19:05:13 IST" name="Validating Spell Check" finished-at="2021-06-25T19:05:38 IST" duration-ms="25044">
      <class name="PradeepAutomaion.EndToEnd.ContentCheck">
        <test-method is-config="true" signature="intilizedriver()[pri:0, instance:PradeepAutomaion.EndToEnd.ContentCheck@13579834]" started-at="2021-06-25T19:05:13 IST" name="intilizedriver" finished-at="2021-06-25T19:05:28 IST" duration-ms="15413" status="PASS">
          <reporter-output>
          </reporter-output>
        </test-method> <!-- intilizedriver -->
        <test-method signature="textCheck()[pri:0, instance:PradeepAutomaion.EndToEnd.ContentCheck@13579834]" started-at="2021-06-25T19:05:28 IST" name="textCheck" finished-at="2021-06-25T19:05:38 IST" duration-ms="9619" status="PASS">
          <reporter-output>
          </reporter-output>
        </test-method> <!-- textCheck -->
        <test-method is-config="true" signature="afterMehode()[pri:0, instance:PradeepAutomaion.EndToEnd.ContentCheck@13579834]" started-at="2021-06-25T19:05:38 IST" name="afterMehode" finished-at="2021-06-25T19:05:38 IST" duration-ms="0" status="PASS">
          <reporter-output>
          </reporter-output>
        </test-method> <!-- afterMehode -->
      </class> <!-- PradeepAutomaion.EndToEnd.ContentCheck -->
    </test> <!-- Validating Spell Check -->
  </suite> <!-- Suite -->
</testng-results>
